  main.cpp
C:\Users\ajahanlou\OneDrive - College LaSalle\Desktop\RayLib_Projects\Spirograph.h(18,16): warning C4305: 'initializing': truncation from 'double' to 'float'
  (compiling source file 'main.cpp')
  
  Spirograph.cpp
C:\Users\ajahanlou\OneDrive - College LaSalle\Desktop\RayLib_Projects\Spirograph.H(18,16): warning C4305: 'initializing': truncation from 'double' to 'float'
  (compiling source file 'Spirograph.cpp')
  
C:\Users\ajahanlou\OneDrive - College LaSalle\Desktop\RayLib_Projects\Spirograph.cpp(9,28): warning C4244: 'argument': conversion from 'float' to 'int', possible loss of data
C:\Users\ajahanlou\OneDrive - College LaSalle\Desktop\RayLib_Projects\Spirograph.cpp(9,18): warning C4244: 'argument': conversion from 'float' to 'int', possible loss of data
C:\Users\ajahanlou\OneDrive - College LaSalle\Desktop\RayLib_Projects\Spirograph.cpp(33,42): warning C4244: 'argument': conversion from 'float' to 'int', possible loss of data
C:\Users\ajahanlou\OneDrive - College LaSalle\Desktop\RayLib_Projects\Spirograph.cpp(33,34): warning C4244: 'argument': conversion from 'float' to 'int', possible loss of data
C:\Users\ajahanlou\OneDrive - College LaSalle\Desktop\RayLib_Projects\Spirograph.cpp(33,26): warning C4244: 'argument': conversion from 'float' to 'int', possible loss of data
C:\Users\ajahanlou\OneDrive - College LaSalle\Desktop\RayLib_Projects\Spirograph.cpp(33,18): warning C4244: 'argument': conversion from 'float' to 'int', possible loss of data
C:\Users\ajahanlou\OneDrive - College LaSalle\Desktop\RayLib_Projects\Spirograph.cpp(41,33): warning C4244: '=': conversion from 'double' to 'float', possible loss of data
C:\Users\ajahanlou\OneDrive - College LaSalle\Desktop\RayLib_Projects\Spirograph.cpp(42,33): warning C4244: '=': conversion from 'double' to 'float', possible loss of data
C:\Users\ajahanlou\OneDrive - College LaSalle\Desktop\RayLib_Projects\Spirograph.cpp(46,6): warning C4244: 'argument': conversion from 'float' to 'int', possible loss of data
C:\Users\ajahanlou\OneDrive - College LaSalle\Desktop\RayLib_Projects\Spirograph.cpp(45,19): warning C4244: 'argument': conversion from 'float' to 'int', possible loss of data
C:\Users\ajahanlou\OneDrive - College LaSalle\Desktop\RayLib_Projects\Spirograph.cpp(72,19): warning C4244: '=': conversion from 'int' to 'float', possible loss of data
C:\Users\ajahanlou\OneDrive - College LaSalle\Desktop\RayLib_Projects\Spirograph.cpp(73,32): warning C4244: '=': conversion from 'int' to 'float', possible loss of data
C:\Users\ajahanlou\OneDrive - College LaSalle\Desktop\RayLib_Projects\Spirograph.cpp(124,34): warning C4244: '=': conversion from 'double' to 'float', possible loss of data
C:\Users\ajahanlou\OneDrive - College LaSalle\Desktop\RayLib_Projects\Spirograph.cpp(125,34): warning C4244: '=': conversion from 'double' to 'float', possible loss of data
C:\Users\ajahanlou\OneDrive - College LaSalle\Desktop\RayLib_Projects\Spirograph.cpp(129,30): warning C4244: 'argument': conversion from 'float' to 'int', possible loss of data
C:\Users\ajahanlou\OneDrive - College LaSalle\Desktop\RayLib_Projects\Spirograph.cpp(129,19): warning C4244: 'argument': conversion from 'float' to 'int', possible loss of data
C:\Users\ajahanlou\OneDrive - College LaSalle\Desktop\RayLib_Projects\Spirograph.cpp(132,65): warning C4244: 'argument': conversion from 'float' to 'int', possible loss of data
C:\Users\ajahanlou\OneDrive - College LaSalle\Desktop\RayLib_Projects\Spirograph.cpp(132,54): warning C4244: 'argument': conversion from 'float' to 'int', possible loss of data
C:\Users\ajahanlou\OneDrive - College LaSalle\Desktop\RayLib_Projects\Spirograph.cpp(132,33): warning C4244: 'argument': conversion from 'float' to 'int', possible loss of data
C:\Users\ajahanlou\OneDrive - College LaSalle\Desktop\RayLib_Projects\Spirograph.cpp(132,12): warning C4244: 'argument': conversion from 'float' to 'int', possible loss of data
C:\Users\ajahanlou\OneDrive - College LaSalle\Desktop\RayLib_Projects\Spirograph.cpp(135,39): warning C4244: 'argument': conversion from 'float' to 'int', possible loss of data
C:\Users\ajahanlou\OneDrive - College LaSalle\Desktop\RayLib_Projects\Spirograph.cpp(135,18): warning C4244: 'argument': conversion from 'float' to 'int', possible loss of data
  Generating Code...
LINK : warning LNK4098: defaultlib 'MSVCRT' conflicts with use of other libs; use /NODEFAULTLIB:library
  RayLib_Projects.vcxproj -> C:\Users\ajahanlou\OneDrive - College LaSalle\Desktop\RayLib_Projects\x64\Debug\RayLib_Projects.exe
  'pwsh.exe' is not recognized as an internal or external command,
  operable program or batch file.
